<?xml version="1.0" encoding="UTF-8"?>
<!-- Generated by org.testng.reporters.JUnitReportReporter -->
<testsuite hostname="DESKTOP-02LL5OU" failures="0" tests="1" name="testcases.Flipkart_LoginTest" time="190.831" errors="0" timestamp="2022-04-09T12:32:46 IST" skipped="0">
  <testcase classname="testcases.Flipkart_LoginTest" name="init" time="190.831"/>
  <system-out/>
</testsuite> <!-- testcases.Flipkart_LoginTest -->
